# JRE version: OpenJDK Runtime Environment Temurin-17.0.7+7 (17.0.7+7) (build 17.0.7+7)
# Java VM: OpenJDK 64-Bit Server VM Temurin-17.0.7+7 (17.0.7+7, mixed mode, tiered, compressed oops, compressed class ptrs, parallel gc, windows-amd64)
GC Precious Log:
 CPUs: 2 total, 2 available
 Memory: 3670M
 Large Page Support: Disabled
 NUMA Support: Disabled
 Compressed Oops: Enabled (32-bit)
 Alignments: Space 512K, Generation 512K, Heap 2M
 Heap Min Capacity: 100M
 Heap Initial Capacity: 100M
 Heap Max Capacity: 1G
 Pre-touch: Disabled
 Parallel Workers: 2
Heap:
 PSYoungGen      total 21504K, used 6470K [0x00000000eab00000, 0x00000000ec700000, 0x0000000100000000)
  eden space 20992K, 28% used [0x00000000eab00000,0x00000000eb0d1ad8,0x00000000ebf80000)
  from space 512K, 100% used [0x00000000ec600000,0x00000000ec680000,0x00000000ec680000)
  to   space 512K, 0% used [0x00000000ec680000,0x00000000ec680000,0x00000000ec700000)
 ParOldGen       total 68608K, used 45662K [0x00000000c0000000, 0x00000000c4300000, 0x00000000eab00000)
  object space 68608K, 66% used [0x00000000c0000000,0x00000000c2c97a88,0x00000000c4300000)
 Metaspace       used 65708K, committed 66688K, reserved 1114112K
  class space    used 8068K, committed 8512K, reserved 1048576K
GC Heap History (20 events):
Event: 121.183 GC heap before
{Heap before GC invocations=23 (full 2):
 PSYoungGen      total 23040K, used 22944K [0x00000000eab00000, 0x00000000ec480000, 0x0000000100000000)
  eden space 20992K, 100% used [0x00000000eab00000,0x00000000ebf80000,0x00000000ebf80000)
  from space 2048K, 95% used [0x00000000ec280000,0x00000000ec468000,0x00000000ec480000)
  to   space 2048K, 0% used [0x00000000ec080000,0x00000000ec080000,0x00000000ec280000)
 ParOldGen       total 68608K, used 29947K [0x00000000c0000000, 0x00000000c4300000, 0x00000000eab00000)
  object space 68608K, 43% used [0x00000000c0000000,0x00000000c1d3ed40,0x00000000c4300000)
 Metaspace       used 55167K, committed 56064K, reserved 1114112K
  class space    used 6204K, committed 6592K, reserved 1048576K
}
Event: 121.209 GC heap after
{Heap after GC invocations=23 (full 2):
 PSYoungGen      total 23040K, used 2044K [0x00000000eab00000, 0x00000000ed580000, 0x0000000100000000)
  eden space 20992K, 0% used [0x00000000eab00000,0x00000000eab00000,0x00000000ebf80000)
  from space 2048K, 99% used [0x00000000ec080000,0x00000000ec27f308,0x00000000ec280000)
  to   space 11264K, 0% used [0x00000000eca80000,0x00000000eca80000,0x00000000ed580000)
 ParOldGen       total 68608K, used 37519K [0x00000000c0000000, 0x00000000c4300000, 0x00000000eab00000)
  object space 68608K, 54% used [0x00000000c0000000,0x00000000c24a3c08,0x00000000c4300000)
 Metaspace       used 55167K, committed 56064K, reserved 1114112K
  class space    used 6204K, committed 6592K, reserved 1048576K
}
Event: 124.301 GC heap before
{Heap before GC invocations=24 (full 2):
 PSYoungGen      total 23040K, used 23036K [0x00000000eab00000, 0x00000000ed580000, 0x0000000100000000)
  eden space 20992K, 100% used [0x00000000eab00000,0x00000000ebf80000,0x00000000ebf80000)
  from space 2048K, 99% used [0x00000000ec080000,0x00000000ec27f308,0x00000000ec280000)
  to   space 11264K, 0% used [0x00000000eca80000,0x00000000eca80000,0x00000000ed580000)
 ParOldGen       total 68608K, used 37519K [0x00000000c0000000, 0x00000000c4300000, 0x00000000eab00000)
  object space 68608K, 54% used [0x00000000c0000000,0x00000000c24a3c08,0x00000000c4300000)
 Metaspace       used 56493K, committed 57472K, reserved 1114112K
  class space    used 6425K, committed 6848K, reserved 1048576K
}
Event: 124.332 GC heap after
{Heap after GC invocations=24 (full 2):
 PSYoungGen      total 22016K, used 688K [0x00000000eab00000, 0x00000000ecb80000, 0x0000000100000000)
  eden space 20992K, 0% used [0x00000000eab00000,0x00000000eab00000,0x00000000ebf80000)
  from space 1024K, 67% used [0x00000000eca80000,0x00000000ecb2c010,0x00000000ecb80000)
  to   space 4096K, 0% used [0x00000000ec380000,0x00000000ec380000,0x00000000ec780000)
 ParOldGen       total 68608K, used 39547K [0x00000000c0000000, 0x00000000c4300000, 0x00000000eab00000)
  object space 68608K, 57% used [0x00000000c0000000,0x00000000c269ef90,0x00000000c4300000)
 Metaspace       used 56493K, committed 57472K, reserved 1114112K
  class space    used 6425K, committed 6848K, reserved 1048576K
}
Event: 128.414 GC heap before
{Heap before GC invocations=25 (full 2):
 PSYoungGen      total 22016K, used 21680K [0x00000000eab00000, 0x00000000ecb80000, 0x0000000100000000)
  eden space 20992K, 100% used [0x00000000eab00000,0x00000000ebf80000,0x00000000ebf80000)
  from space 1024K, 67% used [0x00000000eca80000,0x00000000ecb2c010,0x00000000ecb80000)
  to   space 4096K, 0% used [0x00000000ec380000,0x00000000ec380000,0x00000000ec780000)
 ParOldGen       total 68608K, used 39547K [0x00000000c0000000, 0x00000000c4300000, 0x00000000eab00000)
  object space 68608K, 57% used [0x00000000c0000000,0x00000000c269ef90,0x00000000c4300000)
 Metaspace       used 56563K, committed 57536K, reserved 1114112K
  class space    used 6431K, committed 6848K, reserved 1048576K
}
Event: 128.434 GC heap after
{Heap after GC invocations=25 (full 2):
 PSYoungGen      total 25088K, used 3725K [0x00000000eab00000, 0x00000000ecb00000, 0x0000000100000000)
  eden space 20992K, 0% used [0x00000000eab00000,0x00000000eab00000,0x00000000ebf80000)
  from space 4096K, 90% used [0x00000000ec380000,0x00000000ec723450,0x00000000ec780000)
  to   space 3584K, 0% used [0x00000000ec780000,0x00000000ec780000,0x00000000ecb00000)
 ParOldGen       total 68608K, used 40184K [0x00000000c0000000, 0x00000000c4300000, 0x00000000eab00000)
  object space 68608K, 58% used [0x00000000c0000000,0x00000000c273e380,0x00000000c4300000)
 Metaspace       used 56563K, committed 57536K, reserved 1114112K
  class space    used 6431K, committed 6848K, reserved 1048576K
}
Event: 131.589 GC heap before
{Heap before GC invocations=26 (full 2):
 PSYoungGen      total 25088K, used 24717K [0x00000000eab00000, 0x00000000ecb00000, 0x0000000100000000)
  eden space 20992K, 100% used [0x00000000eab00000,0x00000000ebf80000,0x00000000ebf80000)
  from space 4096K, 90% used [0x00000000ec380000,0x00000000ec723450,0x00000000ec780000)
  to   space 3584K, 0% used [0x00000000ec780000,0x00000000ec780000,0x00000000ecb00000)
 ParOldGen       total 68608K, used 40184K [0x00000000c0000000, 0x00000000c4300000, 0x00000000eab00000)
  object space 68608K, 58% used [0x00000000c0000000,0x00000000c273e380,0x00000000c4300000)
 Metaspace       used 57858K, committed 58816K, reserved 1114112K
  class space    used 6688K, committed 7104K, reserved 1048576K
}
Event: 131.613 GC heap after
{Heap after GC invocations=26 (full 2):
 PSYoungGen      total 22528K, used 1189K [0x00000000eab00000, 0x00000000ec900000, 0x0000000100000000)
  eden space 20992K, 0% used [0x00000000eab00000,0x00000000eab00000,0x00000000ebf80000)
  from space 1536K, 77% used [0x00000000ec780000,0x00000000ec8a9690,0x00000000ec900000)
  to   space 2560K, 0% used [0x00000000ec400000,0x00000000ec400000,0x00000000ec680000)
 ParOldGen       total 68608K, used 43795K [0x00000000c0000000, 0x00000000c4300000, 0x00000000eab00000)
  object space 68608K, 63% used [0x00000000c0000000,0x00000000c2ac4ef8,0x00000000c4300000)
 Metaspace       used 57858K, committed 58816K, reserved 1114112K
  class space    used 6688K, committed 7104K, reserved 1048576K
}
Event: 134.989 GC heap before
{Heap before GC invocations=27 (full 2):
 PSYoungGen      total 22528K, used 9986K [0x00000000eab00000, 0x00000000ec900000, 0x0000000100000000)
  eden space 20992K, 41% used [0x00000000eab00000,0x00000000eb397208,0x00000000ebf80000)
  from space 1536K, 77% used [0x00000000ec780000,0x00000000ec8a9690,0x00000000ec900000)
  to   space 2560K, 0% used [0x00000000ec400000,0x00000000ec400000,0x00000000ec680000)
 ParOldGen       total 68608K, used 43795K [0x00000000c0000000, 0x00000000c4300000, 0x00000000eab00000)
  object space 68608K, 63% used [0x00000000c0000000,0x00000000c2ac4ef8,0x00000000c4300000)
 Metaspace       used 58860K, committed 59776K, reserved 1114112K
  class space    used 6847K, committed 7232K, reserved 1048576K
}
Event: 134.996 GC heap after
{Heap after GC invocations=27 (full 2):
 PSYoungGen      total 23552K, used 288K [0x00000000eab00000, 0x00000000ec800000, 0x0000000100000000)
  eden space 20992K, 0% used [0x00000000eab00000,0x00000000eab00000,0x00000000ebf80000)
  from space 2560K, 11% used [0x00000000ec400000,0x00000000ec448000,0x00000000ec680000)
  to   space 1024K, 0% used [0x00000000ec700000,0x00000000ec700000,0x00000000ec800000)
 ParOldGen       total 68608K, used 44935K [0x00000000c0000000, 0x00000000c4300000, 0x00000000eab00000)
  object space 68608K, 65% used [0x00000000c0000000,0x00000000c2be1da8,0x00000000c4300000)
 Metaspace       used 58860K, committed 59776K, reserved 1114112K
  class space    used 6847K, committed 7232K, reserved 1048576K
}
Event: 134.996 GC heap before
{Heap before GC invocations=28 (full 3):
 PSYoungGen      total 23552K, used 288K [0x00000000eab00000, 0x00000000ec800000, 0x0000000100000000)
  eden space 20992K, 0% used [0x00000000eab00000,0x00000000eab00000,0x00000000ebf80000)
  from space 2560K, 11% used [0x00000000ec400000,0x00000000ec448000,0x00000000ec680000)
  to   space 1024K, 0% used [0x00000000ec700000,0x00000000ec700000,0x00000000ec800000)
 ParOldGen       total 68608K, used 44935K [0x00000000c0000000, 0x00000000c4300000, 0x00000000eab00000)
  object space 68608K, 65% used [0x00000000c0000000,0x00000000c2be1da8,0x00000000c4300000)
 Metaspace       used 58860K, committed 59776K, reserved 1114112K
  class space    used 6847K, committed 7232K, reserved 1048576K
}
Event: 135.388 GC heap after
{Heap after GC invocations=28 (full 3):
 PSYoungGen      total 23552K, used 0K [0x00000000eab00000, 0x00000000ec800000, 0x0000000100000000)
  eden space 20992K, 0% used [0x00000000eab00000,0x00000000eab00000,0x00000000ebf80000)
  from space 2560K, 0% used [0x00000000ec400000,0x00000000ec400000,0x00000000ec680000)
  to   space 1024K, 0% used [0x00000000ec700000,0x00000000ec700000,0x00000000ec800000)
 ParOldGen       total 68608K, used 44083K [0x00000000c0000000, 0x00000000c4300000, 0x00000000eab00000)
  object space 68608K, 64% used [0x00000000c0000000,0x00000000c2b0cd28,0x00000000c4300000)
 Metaspace       used 58860K, committed 59776K, reserved 1114112K
  class space    used 6847K, committed 7232K, reserved 1048576K
}
Event: 142.042 GC heap before
{Heap before GC invocations=29 (full 3):
 PSYoungGen      total 23552K, used 20992K [0x00000000eab00000, 0x00000000ec800000, 0x0000000100000000)
  eden space 20992K, 100% used [0x00000000eab00000,0x00000000ebf80000,0x00000000ebf80000)
  from space 2560K, 0% used [0x00000000ec400000,0x00000000ec400000,0x00000000ec680000)
  to   space 1024K, 0% used [0x00000000ec700000,0x00000000ec700000,0x00000000ec800000)
 ParOldGen       total 68608K, used 44083K [0x00000000c0000000, 0x00000000c4300000, 0x00000000eab00000)
  object space 68608K, 64% used [0x00000000c0000000,0x00000000c2b0cd28,0x00000000c4300000)
 Metaspace       used 61083K, committed 62016K, reserved 1114112K
  class space    used 7152K, committed 7552K, reserved 1048576K
}
Event: 142.048 GC heap after
{Heap after GC invocations=29 (full 3):
 PSYoungGen      total 22016K, used 909K [0x00000000eab00000, 0x00000000ec800000, 0x0000000100000000)
  eden space 20992K, 0% used [0x00000000eab00000,0x00000000eab00000,0x00000000ebf80000)
  from space 1024K, 88% used [0x00000000ec700000,0x00000000ec7e3500,0x00000000ec800000)
  to   space 1536K, 0% used [0x00000000ec500000,0x00000000ec500000,0x00000000ec680000)
 ParOldGen       total 68608K, used 44091K [0x00000000c0000000, 0x00000000c4300000, 0x00000000eab00000)
  object space 68608K, 64% used [0x00000000c0000000,0x00000000c2b0ed28,0x00000000c4300000)
 Metaspace       used 61083K, committed 62016K, reserved 1114112K
  class space    used 7152K, committed 7552K, reserved 1048576K
}
Event: 143.582 GC heap before
{Heap before GC invocations=30 (full 3):
 PSYoungGen      total 22016K, used 21901K [0x00000000eab00000, 0x00000000ec800000, 0x0000000100000000)
  eden space 20992K, 100% used [0x00000000eab00000,0x00000000ebf80000,0x00000000ebf80000)
  from space 1024K, 88% used [0x00000000ec700000,0x00000000ec7e3500,0x00000000ec800000)
  to   space 1536K, 0% used [0x00000000ec500000,0x00000000ec500000,0x00000000ec680000)
 ParOldGen       total 68608K, used 44091K [0x00000000c0000000, 0x00000000c4300000, 0x00000000eab00000)
  object space 68608K, 64% used [0x00000000c0000000,0x00000000c2b0ed28,0x00000000c4300000)
 Metaspace       used 62667K, committed 63616K, reserved 1114112K
  class space    used 7428K, committed 7808K, reserved 1048576K
}
Event: 143.588 GC heap after
{Heap after GC invocations=30 (full 3):
 PSYoungGen      total 22528K, used 780K [0x00000000eab00000, 0x00000000ec780000, 0x0000000100000000)
  eden space 20992K, 0% used [0x00000000eab00000,0x00000000eab00000,0x00000000ebf80000)
  from space 1536K, 50% used [0x00000000ec500000,0x00000000ec5c3020,0x00000000ec680000)
  to   space 1024K, 0% used [0x00000000ec680000,0x00000000ec680000,0x00000000ec780000)
 ParOldGen       total 68608K, used 44829K [0x00000000c0000000, 0x00000000c4300000, 0x00000000eab00000)
  object space 68608K, 65% used [0x00000000c0000000,0x00000000c2bc75d0,0x00000000c4300000)
 Metaspace       used 62667K, committed 63616K, reserved 1114112K
  class space    used 7428K, committed 7808K, reserved 1048576K
}
Event: 144.861 GC heap before
{Heap before GC invocations=31 (full 3):
 PSYoungGen      total 22528K, used 21772K [0x00000000eab00000, 0x00000000ec780000, 0x0000000100000000)
  eden space 20992K, 100% used [0x00000000eab00000,0x00000000ebf80000,0x00000000ebf80000)
  from space 1536K, 50% used [0x00000000ec500000,0x00000000ec5c3020,0x00000000ec680000)
  to   space 1024K, 0% used [0x00000000ec680000,0x00000000ec680000,0x00000000ec780000)
 ParOldGen       total 68608K, used 44829K [0x00000000c0000000, 0x00000000c4300000, 0x00000000eab00000)
  object space 68608K, 65% used [0x00000000c0000000,0x00000000c2bc75d0,0x00000000c4300000)
 Metaspace       used 64120K, committed 65088K, reserved 1114112K
  class space    used 7760K, committed 8192K, reserved 1048576K
}
Event: 144.864 GC heap after
{Heap after GC invocations=31 (full 3):
 PSYoungGen      total 21504K, used 128K [0x00000000eab00000, 0x00000000ec700000, 0x0000000100000000)
  eden space 20992K, 0% used [0x00000000eab00000,0x00000000eab00000,0x00000000ebf80000)
  from space 512K, 25% used [0x00000000ec680000,0x00000000ec6a0000,0x00000000ec700000)
  to   space 512K, 0% used [0x00000000ec600000,0x00000000ec600000,0x00000000ec680000)
 ParOldGen       total 68608K, used 44998K [0x00000000c0000000, 0x00000000c4300000, 0x00000000eab00000)
  object space 68608K, 65% used [0x00000000c0000000,0x00000000c2bf1a78,0x00000000c4300000)
 Metaspace       used 64120K, committed 65088K, reserved 1114112K
  class space    used 7760K, committed 8192K, reserved 1048576K
}
Event: 146.517 GC heap before
{Heap before GC invocations=32 (full 3):
 PSYoungGen      total 21504K, used 21120K [0x00000000eab00000, 0x00000000ec700000, 0x0000000100000000)
  eden space 20992K, 100% used [0x00000000eab00000,0x00000000ebf80000,0x00000000ebf80000)
  from space 512K, 25% used [0x00000000ec680000,0x00000000ec6a0000,0x00000000ec700000)
  to   space 512K, 0% used [0x00000000ec600000,0x00000000ec600000,0x00000000ec680000)
 ParOldGen       total 68608K, used 44998K [0x00000000c0000000, 0x00000000c4300000, 0x00000000eab00000)
  object space 68608K, 65% used [0x00000000c0000000,0x00000000c2bf1a78,0x00000000c4300000)
 Metaspace       used 65399K, committed 66432K, reserved 1114112K
  class space    used 8027K, committed 8512K, reserved 1048576K
}
Event: 146.525 GC heap after
{Heap after GC invocations=32 (full 3):
 PSYoungGen      total 21504K, used 512K [0x00000000eab00000, 0x00000000ec700000, 0x0000000100000000)
  eden space 20992K, 0% used [0x00000000eab00000,0x00000000eab00000,0x00000000ebf80000)
  from space 512K, 100% used [0x00000000ec600000,0x00000000ec680000,0x00000000ec680000)
  to   space 512K, 0% used [0x00000000ec680000,0x00000000ec680000,0x00000000ec700000)
 ParOldGen       total 68608K, used 45662K [0x00000000c0000000, 0x00000000c4300000, 0x00000000eab00000)
  object space 68608K, 66% used [0x00000000c0000000,0x00000000c2c97a88,0x00000000c4300000)
 Metaspace       used 65399K, committed 66432K, reserved 1114112K
  class space    used 8027K, committed 8512K, reserved 1048576K
}

