# JRE version: Java(TM) SE Runtime Environment (17.0.7+8) (build 17.0.7+8-LTS-224)
# Java VM: Java HotSpot(TM) 64-Bit Server VM (17.0.7+8-LTS-224, mixed mode, sharing, tiered, compressed oops, compressed class ptrs, g1 gc, windows-amd64)
GC Precious Log:
 CPUs: 2 total, 2 available
 Memory: 3670M
 Large Page Support: Disabled
 NUMA Support: Disabled
 Compressed Oops: Enabled (32-bit)
 Heap Region Size: 1M
 Heap Min Capacity: 256M
 Heap Initial Capacity: 256M
 Heap Max Capacity: 512M
 Pre-touch: Disabled
 Parallel Workers: 2
 Concurrent Workers: 1
 Concurrent Refinement Workers: 2
 Periodic GC: Disabled
Heap:
 garbage-first heap   total 262144K, used 68312K [0x00000000e0000000, 0x0000000100000000)
  region size 1024K, 56 young (57344K), 3 survivors (3072K)
 Metaspace       used 14941K, committed 15232K, reserved 331776K
  class space    used 2114K, committed 2240K, reserved 315392K
GC Heap History (8 events):
Event: 3.088 GC heap before
{Heap before GC invocations=0 (full 0):
 garbage-first heap   total 262144K, used 11264K [0x00000000e0000000, 0x0000000100000000)
  region size 1024K, 12 young (12288K), 0 survivors (0K)
 Metaspace       used 947K, committed 1088K, reserved 323584K
  class space    used 74K, committed 128K, reserved 315392K
}
Event: 3.111 GC heap after
{Heap after GC invocations=1 (full 0):
 garbage-first heap   total 262144K, used 3096K [0x00000000e0000000, 0x0000000100000000)
  region size 1024K, 2 young (2048K), 2 survivors (2048K)
 Metaspace       used 947K, committed 1088K, reserved 323584K
  class space    used 74K, committed 128K, reserved 315392K
}
Event: 6.122 GC heap before
{Heap before GC invocations=1 (full 0):
 garbage-first heap   total 262144K, used 16408K [0x00000000e0000000, 0x0000000100000000)
  region size 1024K, 12 young (12288K), 2 survivors (2048K)
 Metaspace       used 3009K, committed 3200K, reserved 323584K
  class space    used 378K, committed 448K, reserved 315392K
}
Event: 6.146 GC heap after
{Heap after GC invocations=2 (full 0):
 garbage-first heap   total 262144K, used 10684K [0x00000000e0000000, 0x0000000100000000)
  region size 1024K, 2 young (2048K), 2 survivors (2048K)
 Metaspace       used 3009K, committed 3200K, reserved 323584K
  class space    used 378K, committed 448K, reserved 315392K
}
Event: 8.525 GC heap before
{Heap before GC invocations=2 (full 0):
 garbage-first heap   total 262144K, used 21948K [0x00000000e0000000, 0x0000000100000000)
  region size 1024K, 13 young (13312K), 2 survivors (2048K)
 Metaspace       used 3835K, committed 4032K, reserved 323584K
  class space    used 473K, committed 576K, reserved 315392K
}
Event: 8.540 GC heap after
{Heap after GC invocations=3 (full 0):
 garbage-first heap   total 262144K, used 11028K [0x00000000e0000000, 0x0000000100000000)
  region size 1024K, 1 young (1024K), 1 survivors (1024K)
 Metaspace       used 3835K, committed 4032K, reserved 323584K
  class space    used 473K, committed 576K, reserved 315392K
}
Event: 10.960 GC heap before
{Heap before GC invocations=3 (full 0):
 garbage-first heap   total 262144K, used 33556K [0x00000000e0000000, 0x0000000100000000)
  region size 1024K, 23 young (23552K), 1 survivors (1024K)
 Metaspace       used 3963K, committed 4160K, reserved 323584K
  class space    used 476K, committed 576K, reserved 315392K
}
Event: 10.983 GC heap after
{Heap after GC invocations=4 (full 0):
 garbage-first heap   total 262144K, used 15064K [0x00000000e0000000, 0x0000000100000000)
  region size 1024K, 3 young (3072K), 3 survivors (3072K)
 Metaspace       used 3963K, committed 4160K, reserved 323584K
  class space    used 476K, committed 576K, reserved 315392K
}

